\BOOKMARK [1][-]{section.1}{\376\377\137\025\212\000}{}% 1
\BOOKMARK [1][-]{section.2}{\376\377\164\006\213\272\152\041\127\213}{}% 2
\BOOKMARK [2][-]{subsection.2.1}{\376\377\165\065\122\233\136\002\127\072\217\271\226\105\133\232\116\367\147\072\122\066\166\204\164\006\213\272\152\041\127\213\377\010\127\372\116\216\000F\000a\000b\000r\000a\124\214\000R\000e\000g\000u\000a\000n\000t\000\040\0002\0000\0001\0004\377\011}{section.2}% 3
\BOOKMARK [3][-]{subsubsection.2.1.1}{\376\377\152\041\127\213\213\276\133\232}{subsection.2.1}% 4
\BOOKMARK [3][-]{subsubsection.2.1.2}{\376\377\127\107\210\141\133\232\116\367}{subsection.2.1}% 5
\BOOKMARK [3][-]{subsubsection.2.1.3}{\376\377\142\020\147\054\117\040\220\022\147\072\122\066}{subsection.2.1}% 6
\BOOKMARK [3][-]{subsubsection.2.1.4}{\376\377\117\012\153\324\122\051\116\232\147\072\122\066\166\204\164\006\213\272\145\110\147\234}{subsection.2.1}% 7
\BOOKMARK [3][-]{subsubsection.2.1.5}{\376\377\123\302\145\160\176\317\155\116\124\053\116\111}{subsection.2.1}% 8
\BOOKMARK [3][-]{subsubsection.2.1.6}{\376\377\164\006\213\272\230\204\147\037\116\016\133\236\213\301\116\000\201\364\140\047}{subsection.2.1}% 9
\BOOKMARK [2][-]{subsection.2.2}{\376\377\200\375\156\220\116\367\150\074\121\262\121\373\133\371\220\032\200\300\166\204\117\040\133\374\147\072\122\066}{section.2}% 10
\BOOKMARK [3][-]{subsubsection.2.2.1}{\376\377\152\041\127\213\213\276\133\232}{subsection.2.2}% 11
\BOOKMARK [3][-]{subsubsection.2.2.2}{\376\377\220\350\225\350\116\367\150\074\122\250\140\001}{subsection.2.2}% 12
\BOOKMARK [3][-]{subsubsection.2.2.3}{\376\377\135\345\215\104\121\263\133\232}{subsection.2.2}% 13
\BOOKMARK [3][-]{subsubsection.2.2.4}{\376\377\220\032\200\300\117\040\133\374\145\271\172\013}{subsection.2.2}% 14
\BOOKMARK [3][-]{subsubsection.2.2.5}{\376\377\123\302\145\160\176\317\155\116\124\053\116\111}{subsection.2.2}% 15
\BOOKMARK [3][-]{subsubsection.2.2.6}{\376\377\164\006\213\272\230\204\147\037\116\016\133\236\213\301\116\000\201\364\140\047}{subsection.2.2}% 16
\BOOKMARK [2][-]{subsection.2.3}{\376\377\154\107\163\207\117\040\133\374\147\072\122\066\166\204\164\006\213\272\150\106\147\266\377\010\127\372\116\216\000G\000o\000p\000i\000n\000a\000t\000h\000\040\0002\0000\0001\0005\377\011}{section.2}% 17
\BOOKMARK [3][-]{subsubsection.2.3.1}{\376\377\217\333\123\343\116\367\150\074\117\040\133\374\152\041\127\213}{subsection.2.3}% 18
\BOOKMARK [3][-]{subsubsection.2.3.2}{\376\377\126\375\121\205\116\367\150\074\117\040\133\374}{subsection.2.3}% 19
\BOOKMARK [3][-]{subsubsection.2.3.3}{\376\377\154\107\163\207\117\040\133\374\122\060\220\032\200\300\166\204\133\214\145\164\145\271\172\013}{subsection.2.3}% 20
\BOOKMARK [3][-]{subsubsection.2.3.4}{\376\377\116\073\133\374\215\047\136\001\133\232\116\367\377\010\000D\000C\000P\377\011\142\151\134\125}{subsection.2.3}% 21
\BOOKMARK [3][-]{subsubsection.2.3.5}{\376\377\123\302\145\160\176\317\155\116\124\053\116\111}{subsection.2.3}% 22
\BOOKMARK [3][-]{subsubsection.2.3.6}{\376\377\164\006\213\272\230\204\147\037\116\016\133\236\213\301\116\000\201\364\140\047}{subsection.2.3}% 23
\BOOKMARK [2][-]{subsection.2.4}{\376\377\176\323\147\204\140\047\136\002\127\072\136\162\230\204\116\016\117\040\176\337\215\047\136\001\145\077\173\126\166\204\153\324\217\203\122\006\147\220\150\106\147\266}{section.2}% 24
\BOOKMARK [3][-]{subsubsection.2.4.1}{\376\377\145\077\173\126\166\356\150\007\121\375\145\160}{subsection.2.4}% 25
\BOOKMARK [3][-]{subsubsection.2.4.2}{\376\377\117\040\176\337\215\047\136\001\145\077\173\126\211\304\122\031}{subsection.2.4}% 26
\BOOKMARK [3][-]{subsubsection.2.4.3}{\376\377\176\323\147\204\140\047\136\002\127\072\136\162\230\204}{subsection.2.4}% 27
\BOOKMARK [3][-]{subsubsection.2.4.4}{\376\377\153\324\217\203\227\131\140\001\122\006\147\220}{subsection.2.4}% 28
\BOOKMARK [3][-]{subsubsection.2.4.5}{\376\377\171\217\122\051\153\324\217\203}{subsection.2.4}% 29
\BOOKMARK [3][-]{subsubsection.2.4.6}{\376\377\164\006\213\272\230\204\147\037\116\016\133\236\213\301\116\000\201\364\140\047}{subsection.2.4}% 30
\BOOKMARK [1][-]{section.3}{\376\377\145\207\163\056\176\374\217\360}{}% 31
\BOOKMARK [2][-]{subsection.3.1}{\376\377\117\012\153\324\122\051\116\232\147\072\122\066\166\204\145\077\173\126\213\304\117\060\170\024\172\166}{section.3}% 32
\BOOKMARK [2][-]{subsection.3.2}{\376\377\200\375\156\220\116\367\150\074\121\262\121\373\133\371\220\032\200\300\166\204\137\161\124\315\170\024\172\166}{section.3}% 33
\BOOKMARK [2][-]{subsection.3.3}{\376\377\154\107\163\207\117\040\133\374\147\072\122\066\166\204\147\000\145\260\133\236\213\301\170\024\172\166}{section.3}% 34
\BOOKMARK [2][-]{subsection.3.4}{\376\377\215\047\136\001\145\077\173\126\127\050\136\224\133\371\200\375\156\220\123\161\147\072\116\055\166\204\117\134\165\050\170\024\172\166}{section.3}% 35
\BOOKMARK [2][-]{subsection.3.5}{\376\377\116\016\147\054\170\024\172\166\166\204\121\163\174\373}{section.3}% 36
\BOOKMARK [1][-]{section.4}{\376\377\122\066\136\246\200\314\146\157}{}% 37
\BOOKMARK [2][-]{subsection.4.1}{\376\377\121\262\121\373\377\032\000T\000T\000F\131\051\161\066\154\024\116\367\150\074}{section.4}% 38
\BOOKMARK [2][-]{subsection.4.2}{\376\377\211\177\163\355\162\131\377\032\040\034\117\012\153\324\122\051\116\232\117\213\131\026\040\035\000\040\000\050\000R\000D\000L\000\040\0001\0000\000/\0002\0000\0002\0002\000\051}{section.4}% 39
\BOOKMARK [2][-]{subsection.4.3}{\376\377\154\342\121\160\377\032\040\034\123\315\220\032\200\300\166\376\162\114\040\035\116\016\215\047\136\001\176\304\124\010}{section.4}% 40
\BOOKMARK [1][-]{section.5}{\376\377\145\271\154\325\213\272}{}% 41
\BOOKMARK [2][-]{subsection.5.1}{\376\377\145\160\143\156}{section.5}% 42
\BOOKMARK [2][-]{subsection.5.2}{\376\377\124\010\142\020\143\247\122\066\154\325\377\010\211\177\163\355\162\131\377\011}{section.5}% 43
\BOOKMARK [2][-]{subsection.5.3}{\376\377\134\100\220\350\142\225\137\161\154\325\377\010\154\342\121\160\377\011}{section.5}% 44
\BOOKMARK [2][-]{subsection.5.4}{\376\377\176\337\213\241\143\250\145\255\150\106\147\266}{section.5}% 45
\BOOKMARK [1][-]{section.6}{\376\377\116\073\211\201\176\323\147\234}{}% 46
\BOOKMARK [2][-]{subsection.6.1}{\376\377\040\034\117\012\153\324\122\051\116\232\177\072\123\343\040\035\377\032\130\236\137\072\000S\000C\000M\176\323\147\234}{section.6}% 47
\BOOKMARK [2][-]{subsection.6.2}{\376\377\176\337\213\241\143\250\145\255\116\016\172\063\120\145\140\047}{section.6}% 48
\BOOKMARK [2][-]{subsection.6.3}{\376\377\121\161\137\142\143\250\145\255\176\323\147\234}{section.6}% 49
\BOOKMARK [2][-]{subsection.6.4}{\376\377\040\034\154\107\163\207\122\006\221\317\040\035\377\032\130\236\137\072\000L\000P\176\323\147\234}{section.6}% 50
\BOOKMARK [1][-]{section.7}{\376\377\172\063\120\145\140\047\116\016\134\100\226\120\140\047}{}% 51
\BOOKMARK [2][-]{subsection.7.1}{\376\377\176\337\213\241\143\250\145\255\116\016\133\211\141\160\122\102\150\300\232\214}{section.7}% 52
\BOOKMARK [2][-]{subsection.7.2}{\376\377\215\213\122\277\122\115\232\214\213\301}{section.7}% 53
\BOOKMARK [2][-]{subsection.7.3}{\376\377\153\324\217\203\145\110\163\207\377\032\162\172\162\162\163\207}{section.7}% 54
\BOOKMARK [2][-]{subsection.7.4}{\376\377\131\026\220\350\147\011\145\110\140\047\116\016\134\100\226\120\140\047}{section.7}% 55
\BOOKMARK [2][-]{subsection.7.5}{\376\377\145\160\143\156\134\100\226\120\140\047}{section.7}% 56
\BOOKMARK [1][-]{section.8}{\376\377\176\323\213\272\116\016\145\077\173\126\124\053\116\111}{}% 57
\BOOKMARK [1][-]{section.9}{\376\377\123\302\200\003\145\207\163\056}{}% 58
